# JRE version: OpenJDK Runtime Environment (8.0_76-b03) (build 1.8.0_76-release-b03)
# Java VM: OpenJDK 64-Bit Server VM (25.76-b03 mixed mode windows-amd64 compressed oops)
Heap:
 PSYoungGen      total 424448K, used 162546K [0x00000000e0000000, 0x0000000100000000, 0x0000000100000000)
  eden space 323072K, 50% used [0x00000000e0000000,0x00000000e9ebca70,0x00000000f3b80000)
  from space 101376K, 0% used [0x00000000f9d00000,0x00000000f9d00000,0x0000000100000000)
  to   space 99840K, 0% used [0x00000000f3b80000,0x00000000f3b80000,0x00000000f9d00000)
 ParOldGen       total 343040K, used 57678K [0x00000000a0000000, 0x00000000b4f00000, 0x00000000e0000000)
  object space 343040K, 16% used [0x00000000a0000000,0x00000000a3853b38,0x00000000b4f00000)
 Metaspace       used 74501K, capacity 79412K, committed 81152K, reserved 1120256K
  class space    used 9007K, capacity 9605K, committed 10240K, reserved 1048576K
GC Heap History (10 events):
Event: 10958.660 GC heap before
{Heap before GC invocations=136 (full 25):
 PSYoungGen      total 411136K, used 331776K [0x00000000e0000000, 0x0000000100000000, 0x0000000100000000)
  eden space 331776K, 100% used [0x00000000e0000000,0x00000000f4400000,0x00000000f4400000)
  from space 79360K, 0% used [0x00000000fb280000,0x00000000fb280000,0x0000000100000000)
  to   space 96256K, 0% used [0x00000000f4400000,0x00000000f4400000,0x00000000fa200000)
 ParOldGen       total 343040K, used 58228K [0x00000000a0000000, 0x00000000b4f00000, 0x00000000e0000000)
  object space 343040K, 16% used [0x00000000a0000000,0x00000000a38dd170,0x00000000b4f00000)
 Metaspace       used 74449K, capacity 79226K, committed 80896K, reserved 1120256K
  class space    used 9001K, capacity 9602K, committed 10240K, reserved 1048576K
Event: 10958.688 GC heap after
Heap after GC invocations=136 (full 25):
 PSYoungGen      total 428032K, used 27772K [0x00000000e0000000, 0x0000000100000000, 0x0000000100000000)
  eden space 331776K, 0% used [0x00000000e0000000,0x00000000e0000000,0x00000000f4400000)
  from space 96256K, 28% used [0x00000000f4400000,0x00000000f5f1f0c8,0x00000000fa200000)
  to   space 91136K, 0% used [0x00000000fa700000,0x00000000fa700000,0x0000000100000000)
 ParOldGen       total 343040K, used 58228K [0x00000000a0000000, 0x00000000b4f00000, 0x00000000e0000000)
  object space 343040K, 16% used [0x00000000a0000000,0x00000000a38dd170,0x00000000b4f00000)
 Metaspace       used 74449K, capacity 79226K, committed 80896K, reserved 1120256K
  class space    used 9001K, capacity 9602K, committed 10240K, reserved 1048576K
}
Event: 10959.145 GC heap before
{Heap before GC invocations=137 (full 25):
 PSYoungGen      total 428032K, used 359548K [0x00000000e0000000, 0x0000000100000000, 0x0000000100000000)
  eden space 331776K, 100% used [0x00000000e0000000,0x00000000f4400000,0x00000000f4400000)
  from space 96256K, 28% used [0x00000000f4400000,0x00000000f5f1f0c8,0x00000000fa200000)
  to   space 91136K, 0% used [0x00000000fa700000,0x00000000fa700000,0x0000000100000000)
 ParOldGen       total 343040K, used 58228K [0x00000000a0000000, 0x00000000b4f00000, 0x00000000e0000000)
  object space 343040K, 16% used [0x00000000a0000000,0x00000000a38dd170,0x00000000b4f00000)
 Metaspace       used 74449K, capacity 79226K, committed 80896K, reserved 1120256K
  class space    used 9001K, capacity 9602K, committed 10240K, reserved 1048576K
Event: 10959.206 GC heap after
Heap after GC invocations=137 (full 25):
 PSYoungGen      total 414720K, used 73586K [0x00000000e0000000, 0x0000000100000000, 0x0000000100000000)
  eden space 323584K, 0% used [0x00000000e0000000,0x00000000e0000000,0x00000000f3c00000)
  from space 91136K, 80% used [0x00000000fa700000,0x00000000feedcbd0,0x0000000100000000)
  to   space 100352K, 0% used [0x00000000f3c00000,0x00000000f3c00000,0x00000000f9e00000)
 ParOldGen       total 343040K, used 58228K [0x00000000a0000000, 0x00000000b4f00000, 0x00000000e0000000)
  object space 343040K, 16% used [0x00000000a0000000,0x00000000a38dd170,0x00000000b4f00000)
 Metaspace       used 74449K, capacity 79226K, committed 80896K, reserved 1120256K
  class space    used 9001K, capacity 9602K, committed 10240K, reserved 1048576K
}
Event: 10959.637 GC heap before
{Heap before GC invocations=138 (full 25):
 PSYoungGen      total 414720K, used 397170K [0x00000000e0000000, 0x0000000100000000, 0x0000000100000000)
  eden space 323584K, 100% used [0x00000000e0000000,0x00000000f3c00000,0x00000000f3c00000)
  from space 91136K, 80% used [0x00000000fa700000,0x00000000feedcbd0,0x0000000100000000)
  to   space 100352K, 0% used [0x00000000f3c00000,0x00000000f3c00000,0x00000000f9e00000)
 ParOldGen       total 343040K, used 58228K [0x00000000a0000000, 0x00000000b4f00000, 0x00000000e0000000)
  object space 343040K, 16% used [0x00000000a0000000,0x00000000a38dd170,0x00000000b4f00000)
 Metaspace       used 74449K, capacity 79226K, committed 80896K, reserved 1120256K
  class space    used 9001K, capacity 9602K, committed 10240K, reserved 1048576K
Event: 10959.786 GC heap after
Heap after GC invocations=138 (full 25):
 PSYoungGen      total 381440K, used 57367K [0x00000000e0000000, 0x0000000100000000, 0x0000000100000000)
  eden space 323584K, 0% used [0x00000000e0000000,0x00000000e0000000,0x00000000f3c00000)
  from space 57856K, 99% used [0x00000000f3c00000,0x00000000f7405e10,0x00000000f7480000)
  to   space 101376K, 0% used [0x00000000f9d00000,0x00000000f9d00000,0x0000000100000000)
 ParOldGen       total 343040K, used 107154K [0x00000000a0000000, 0x00000000b4f00000, 0x00000000e0000000)
  object space 343040K, 31% used [0x00000000a0000000,0x00000000a68a4b18,0x00000000b4f00000)
 Metaspace       used 74449K, capacity 79226K, committed 80896K, reserved 1120256K
  class space    used 9001K, capacity 9602K, committed 10240K, reserved 1048576K
}
Event: 10960.175 GC heap before
{Heap before GC invocations=139 (full 25):
 PSYoungGen      total 381440K, used 224745K [0x00000000e0000000, 0x0000000100000000, 0x0000000100000000)
  eden space 323584K, 51% used [0x00000000e0000000,0x00000000ea374790,0x00000000f3c00000)
  from space 57856K, 99% used [0x00000000f3c00000,0x00000000f7405e10,0x00000000f7480000)
  to   space 101376K, 0% used [0x00000000f9d00000,0x00000000f9d00000,0x0000000100000000)
 ParOldGen       total 343040K, used 107154K [0x00000000a0000000, 0x00000000b4f00000, 0x00000000e0000000)
  object space 343040K, 31% used [0x00000000a0000000,0x00000000a68a4b18,0x00000000b4f00000)
 Metaspace       used 74453K, capacity 79232K, committed 80896K, reserved 1120256K
  class space    used 9001K, capacity 9603K, committed 10240K, reserved 1048576K
Event: 10960.219 GC heap after
Heap after GC invocations=139 (full 25):
 PSYoungGen      total 424448K, used 12522K [0x00000000e0000000, 0x0000000100000000, 0x0000000100000000)
  eden space 323072K, 0% used [0x00000000e0000000,0x00000000e0000000,0x00000000f3b80000)
  from space 101376K, 12% used [0x00000000f9d00000,0x00000000fa93a850,0x0000000100000000)
  to   space 99840K, 0% used [0x00000000f3b80000,0x00000000f3b80000,0x00000000f9d00000)
 ParOldGen       total 343040K, used 123161K [0x00000000a0000000, 0x00000000b4f00000, 0x00000000e0000000)
  object space 343040K, 35% used [0x00000000a0000000,0x00000000a7846598,0x00000000b4f00000)
 Metaspace       used 74453K, capacity 79232K, committed 80896K, reserved 1120256K
  class space    used 9001K, capacity 9603K, committed 10240K, reserved 1048576K
}
Event: 10960.219 GC heap before
{Heap before GC invocations=140 (full 26):
 PSYoungGen      total 424448K, used 12522K [0x00000000e0000000, 0x0000000100000000, 0x0000000100000000)
  eden space 323072K, 0% used [0x00000000e0000000,0x00000000e0000000,0x00000000f3b80000)
  from space 101376K, 12% used [0x00000000f9d00000,0x00000000fa93a850,0x0000000100000000)
  to   space 99840K, 0% used [0x00000000f3b80000,0x00000000f3b80000,0x00000000f9d00000)
 ParOldGen       total 343040K, used 123161K [0x00000000a0000000, 0x00000000b4f00000, 0x00000000e0000000)
  object space 343040K, 35% used [0x00000000a0000000,0x00000000a7846598,0x00000000b4f00000)
 Metaspace       used 74453K, capacity 79232K, committed 80896K, reserved 1120256K
  class space    used 9001K, capacity 9603K, committed 10240K, reserved 1048576K
Event: 10960.538 GC heap after
Heap after GC invocations=140 (full 26):
 PSYoungGen      total 424448K, used 0K [0x00000000e0000000, 0x0000000100000000, 0x0000000100000000)
  eden space 323072K, 0% used [0x00000000e0000000,0x00000000e0000000,0x00000000f3b80000)
  from space 101376K, 0% used [0x00000000f9d00000,0x00000000f9d00000,0x0000000100000000)
  to   space 99840K, 0% used [0x00000000f3b80000,0x00000000f3b80000,0x00000000f9d00000)
 ParOldGen       total 343040K, used 57678K [0x00000000a0000000, 0x00000000b4f00000, 0x00000000e0000000)
  object space 343040K, 16% used [0x00000000a0000000,0x00000000a3853b38,0x00000000b4f00000)
 Metaspace       used 74430K, capacity 79196K, committed 80896K, reserved 1120256K
  class space    used 8998K, capacity 9597K, committed 10240K, reserved 1048576K
}

